[2023-02-21 12:59:02] local.ERROR: file_put_contents(/Users/brunobryan/Desktop/Programmazione/gratta_e_vinci_contabilità/gratta_e_vinci/storage/framework/sessions/Zf4ha6mtvRGVSz383en4gRxwQsrz1hwaueXIGE7U): Failed to open stream: No such file or directory {"exception":"[object] (ErrorException(code: 0): file_put_contents(/Users/brunobryan/Desktop/Programmazione/gratta_e_vinci_contabilità/gratta_e_vinci/storage/framework/sessions/Zf4ha6mtvRGVSz383en4gRxwQsrz1hwaueXIGE7U): Failed to open stream: No such file or directory at /Users/brunobryan/Desktop/Programmazione/gratta_e_vinci_contabilità/gratta_e_vinci/src/vendor/laravel/framework/src/Illuminate/Filesystem/Filesystem.php:187)
[stacktrace]
#0 [internal function]: Illuminate\\Foundation\\Bootstrap\\HandleExceptions->handleError(2, 'file_put_conten...', '/Users/brunobry...', 187)
#1 /Users/brunobryan/Desktop/Programmazione/gratta_e_vinci_contabilità/gratta_e_vinci/src/vendor/laravel/framework/src/Illuminate/Filesystem/Filesystem.php(187): file_put_contents('/Users/brunobry...', 'a:4:{s:6:\"_toke...', 2)
#2 /Users/brunobryan/Desktop/Programmazione/gratta_e_vinci_contabilità/gratta_e_vinci/src/vendor/laravel/framework/src/Illuminate/Session/FileSessionHandler.php(95): Illuminate\\Filesystem\\Filesystem->put('/Users/brunobry...', 'a:4:{s:6:\"_toke...', true)
#3 /Users/brunobryan/Desktop/Programmazione/gratta_e_vinci_contabilità/gratta_e_vinci/src/vendor/laravel/framework/src/Illuminate/Session/Store.php(129): Illuminate\\Session\\FileSessionHandler->write('Zf4ha6mtvRGVSz3...', 'a:4:{s:6:\"_toke...')
#4 /Users/brunobryan/Desktop/Programmazione/gratta_e_vinci_contabilità/gratta_e_vinci/src/vendor/laravel/framework/src/Illuminate/Session/Middleware/StartSession.php(236): Illuminate\\Session\\Store->save()
#5 /Users/brunobryan/Desktop/Programmazione/gratta_e_vinci_contabilità/gratta_e_vinci/src/vendor/laravel/framework/src/Illuminate/Session/Middleware/StartSession.php(130): Illuminate\\Session\\Middleware\\StartSession->saveSession(Object(Illuminate\\Http\\Request))
#6 /Users/brunobryan/Desktop/Programmazione/gratta_e_vinci_contabilità/gratta_e_vinci/src/vendor/laravel/framework/src/Illuminate/Session/Middleware/StartSession.php(64): Illuminate\\Session\\Middleware\\StartSession->handleStatefulRequest(Object(Illuminate\\Http\\Request), Object(Illuminate\\Session\\Store), Object(Closure))
#7 /Users/brunobryan/Desktop/Programmazione/gratta_e_vinci_contabilità/gratta_e_vinci/src/vendor/laravel/framework/src/Illuminate/Pipeline/Pipeline.php(167): Illuminate\\Session\\Middleware\\StartSession->handle(Object(Illuminate\\Http\\Request), Object(Closure))
#8 /Users/brunobryan/Desktop/Programmazione/gratta_e_vinci_contabilità/gratta_e_vinci/src/vendor/laravel/framework/src/Illuminate/Cookie/Middleware/AddQueuedCookiesToResponse.php(37): Illuminate\\Pipeline\\Pipeline->Illuminate\\Pipeline\\{closure}(Object(Illuminate\\Http\\Request))
#9 /Users/brunobryan/Desktop/Programmazione/gratta_e_vinci_contabilità/gratta_e_vinci/src/vendor/laravel/framework/src/Illuminate/Pipeline/Pipeline.php(167): Illuminate\\Cookie\\Middleware\\AddQueuedCookiesToResponse->handle(Object(Illuminate\\Http\\Request), Object(Closure))
#10 /Users/brunobryan/Desktop/Programmazione/gratta_e_vinci_contabilità/gratta_e_vinci/src/vendor/laravel/framework/src/Illuminate/Cookie/Middleware/EncryptCookies.php(67): Illuminate\\Pipeline\\Pipeline->Illuminate\\Pipeline\\{closure}(Object(Illuminate\\Http\\Request))
#11 /Users/brunobryan/Desktop/Programmazione/gratta_e_vinci_contabilità/gratta_e_vinci/src/vendor/laravel/framework/src/Illuminate/Pipeline/Pipeline.php(167): Illuminate\\Cookie\\Middleware\\EncryptCookies->handle(Object(Illuminate\\Http\\Request), Object(Closure))
#12 /Users/brunobryan/Desktop/Programmazione/gratta_e_vinci_contabilità/gratta_e_vinci/src/vendor/laravel/framework/src/Illuminate/Pipeline/Pipeline.php(103): Illuminate\\Pipeline\\Pipeline->Illuminate\\Pipeline\\{closure}(Object(Illuminate\\Http\\Request))
#13 /Users/brunobryan/Desktop/Programmazione/gratta_e_vinci_contabilità/gratta_e_vinci/src/vendor/laravel/framework/src/Illuminate/Routing/Router.php(697): Illuminate\\Pipeline\\Pipeline->then(Object(Closure))
#14 /Users/brunobryan/Desktop/Programmazione/gratta_e_vinci_contabilità/gratta_e_vinci/src/vendor/laravel/framework/src/Illuminate/Routing/Router.php(672): Illuminate\\Routing\\Router->runRouteWithinStack(Object(Illuminate\\Routing\\Route), Object(Illuminate\\Http\\Request))
#15 /Users/brunobryan/Desktop/Programmazione/gratta_e_vinci_contabilità/gratta_e_vinci/src/vendor/laravel/framework/src/Illuminate/Routing/Router.php(636): Illuminate\\Routing\\Router->runRoute(Object(Illuminate\\Http\\Request), Object(Illuminate\\Routing\\Route))
#16 /Users/brunobryan/Desktop/Programmazione/gratta_e_vinci_contabilità/gratta_e_vinci/src/vendor/laravel/framework/src/Illuminate/Routing/Router.php(625): Illuminate\\Routing\\Router->dispatchToRoute(Object(Illuminate\\Http\\Request))
#17 /Users/brunobryan/Desktop/Programmazione/gratta_e_vinci_contabilità/gratta_e_vinci/src/vendor/laravel/framework/src/Illuminate/Foundation/Http/Kernel.php(167): Illuminate\\Routing\\Router->dispatch(Object(Illuminate\\Http\\Request))
#18 /Users/brunobryan/Desktop/Programmazione/gratta_e_vinci_contabilità/gratta_e_vinci/src/vendor/laravel/framework/src/Illuminate/Pipeline/Pipeline.php(128): Illuminate\\Foundation\\Http\\Kernel->Illuminate\\Foundation\\Http\\{closure}(Object(Illuminate\\Http\\Request))
#19 /Users/brunobryan/Desktop/Programmazione/gratta_e_vinci_contabilità/gratta_e_vinci/src/vendor/laravel/framework/src/Illuminate/Foundation/Http/Middleware/TransformsRequest.php(21): Illuminate\\Pipeline\\Pipeline->Illuminate\\Pipeline\\{closure}(Object(Illuminate\\Http\\Request))
#20 /Users/brunobryan/Desktop/Programmazione/gratta_e_vinci_contabilità/gratta_e_vinci/src/vendor/laravel/framework/src/Illuminate/Foundation/Http/Middleware/ConvertEmptyStringsToNull.php(31): Illuminate\\Foundation\\Http\\Middleware\\TransformsRequest->handle(Object(Illuminate\\Http\\Request), Object(Closure))
#21 /Users/brunobryan/Desktop/Programmazione/gratta_e_vinci_contabilità/gratta_e_vinci/src/vendor/laravel/framework/src/Illuminate/Pipeline/Pipeline.php(167): Illuminate\\Foundation\\Http\\Middleware\\ConvertEmptyStringsToNull->handle(Object(Illuminate\\Http\\Request), Object(Closure))
#22 /Users/brunobryan/Desktop/Programmazione/gratta_e_vinci_contabilità/gratta_e_vinci/src/vendor/laravel/framework/src/Illuminate/Foundation/Http/Middleware/TransformsRequest.php(21): Illuminate\\Pipeline\\Pipeline->Illuminate\\Pipeline\\{closure}(Object(Illuminate\\Http\\Request))
#23 /Users/brunobryan/Desktop/Programmazione/gratta_e_vinci_contabilità/gratta_e_vinci/src/vendor/laravel/framework/src/Illuminate/Foundation/Http/Middleware/TrimStrings.php(40): Illuminate\\Foundation\\Http\\Middleware\\TransformsRequest->handle(Object(Illuminate\\Http\\Request), Object(Closure))
#24 /Users/brunobryan/Desktop/Programmazione/gratta_e_vinci_contabilità/gratta_e_vinci/src/vendor/laravel/framework/src/Illuminate/Pipeline/Pipeline.php(167): Illuminate\\Foundation\\Http\\Middleware\\TrimStrings->handle(Object(Illuminate\\Http\\Request), Object(Closure))
#25 /Users/brunobryan/Desktop/Programmazione/gratta_e_vinci_contabilità/gratta_e_vinci/src/vendor/laravel/framework/src/Illuminate/Foundation/Http/Middleware/ValidatePostSize.php(27): Illuminate\\Pipeline\\Pipeline->Illuminate\\Pipeline\\{closure}(Object(Illuminate\\Http\\Request))
#26 /Users/brunobryan/Desktop/Programmazione/gratta_e_vinci_contabilità/gratta_e_vinci/src/vendor/laravel/framework/src/Illuminate/Pipeline/Pipeline.php(167): Illuminate\\Foundation\\Http\\Middleware\\ValidatePostSize->handle(Object(Illuminate\\Http\\Request), Object(Closure))
#27 /Users/brunobryan/Desktop/Programmazione/gratta_e_vinci_contabilità/gratta_e_vinci/src/vendor/laravel/framework/src/Illuminate/Foundation/Http/Middleware/PreventRequestsDuringMaintenance.php(86): Illuminate\\Pipeline\\Pipeline->Illuminate\\Pipeline\\{closure}(Object(Illuminate\\Http\\Request))
#28 /Users/brunobryan/Desktop/Programmazione/gratta_e_vinci_contabilità/gratta_e_vinci/src/vendor/laravel/framework/src/Illuminate/Pipeline/Pipeline.php(167): Illuminate\\Foundation\\Http\\Middleware\\PreventRequestsDuringMaintenance->handle(Object(Illuminate\\Http\\Request), Object(Closure))
#29 /Users/brunobryan/Desktop/Programmazione/gratta_e_vinci_contabilità/gratta_e_vinci/src/vendor/fruitcake/laravel-cors/src/HandleCors.php(38): Illuminate\\Pipeline\\Pipeline->Illuminate\\Pipeline\\{closure}(Object(Illuminate\\Http\\Request))
#30 /Users/brunobryan/Desktop/Programmazione/gratta_e_vinci_contabilità/gratta_e_vinci/src/vendor/laravel/framework/src/Illuminate/Pipeline/Pipeline.php(167): Fruitcake\\Cors\\HandleCors->handle(Object(Illuminate\\Http\\Request), Object(Closure))
#31 /Users/brunobryan/Desktop/Programmazione/gratta_e_vinci_contabilità/gratta_e_vinci/src/vendor/laravel/framework/src/Illuminate/Http/Middleware/TrustProxies.php(39): Illuminate\\Pipeline\\Pipeline->Illuminate\\Pipeline\\{closure}(Object(Illuminate\\Http\\Request))
#32 /Users/brunobryan/Desktop/Programmazione/gratta_e_vinci_contabilità/gratta_e_vinci/src/vendor/laravel/framework/src/Illuminate/Pipeline/Pipeline.php(167): Illuminate\\Http\\Middleware\\TrustProxies->handle(Object(Illuminate\\Http\\Request), Object(Closure))
#33 /Users/brunobryan/Desktop/Programmazione/gratta_e_vinci_contabilità/gratta_e_vinci/src/vendor/laravel/framework/src/Illuminate/Pipeline/Pipeline.php(103): Illuminate\\Pipeline\\Pipeline->Illuminate\\Pipeline\\{closure}(Object(Illuminate\\Http\\Request))
#34 /Users/brunobryan/Desktop/Programmazione/gratta_e_vinci_contabilità/gratta_e_vinci/src/vendor/laravel/framework/src/Illuminate/Foundation/Http/Kernel.php(142): Illuminate\\Pipeline\\Pipeline->then(Object(Closure))
#35 /Users/brunobryan/Desktop/Programmazione/gratta_e_vinci_contabilità/gratta_e_vinci/src/vendor/laravel/framework/src/Illuminate/Foundation/Http/Kernel.php(111): Illuminate\\Foundation\\Http\\Kernel->sendRequestThroughRouter(Object(Illuminate\\Http\\Request))
#36 /Users/brunobryan/Desktop/Programmazione/gratta_e_vinci_contabilità/gratta_e_vinci/src/public/index.php(52): Illuminate\\Foundation\\Http\\Kernel->handle(Object(Illuminate\\Http\\Request))
#37 /Users/brunobryan/Desktop/Programmazione/gratta_e_vinci_contabilità/gratta_e_vinci/src/server.php(21): require_once('/Users/brunobry...')
#38 {main}
"} 
[2023-02-21 12:59:06] local.ERROR: View [home] not found. {"exception":"[object] (InvalidArgumentException(code: 0): View [home] not found. at /Users/brunobryan/Desktop/Programmazione/gratta_e_vinci_contabilità/gratta_e_vinci/src/vendor/laravel/framework/src/Illuminate/View/FileViewFinder.php:137)
[stacktrace]
#0 /Users/brunobryan/Desktop/Programmazione/gratta_e_vinci_contabilità/gratta_e_vinci/src/vendor/laravel/framework/src/Illuminate/View/FileViewFinder.php(79): Illuminate\\View\\FileViewFinder->findInPaths('home', Array)
#1 /Users/brunobryan/Desktop/Programmazione/gratta_e_vinci_contabilità/gratta_e_vinci/src/vendor/laravel/framework/src/Illuminate/View/Factory.php(138): Illuminate\\View\\FileViewFinder->find('home')
#2 /Users/brunobryan/Desktop/Programmazione/gratta_e_vinci_contabilità/gratta_e_vinci/src/vendor/laravel/framework/src/Illuminate/Foundation/helpers.php(932): Illuminate\\View\\Factory->make('home', Array, Array)
#3 /Users/brunobryan/Desktop/Programmazione/gratta_e_vinci_contabilità/gratta_e_vinci/src/routes/web.php(23): view('home')
#4 /Users/brunobryan/Desktop/Programmazione/gratta_e_vinci_contabilità/gratta_e_vinci/src/vendor/laravel/framework/src/Illuminate/Routing/Route.php(238): Illuminate\\Routing\\RouteFileRegistrar->{closure}()
#5 /Users/brunobryan/Desktop/Programmazione/gratta_e_vinci_contabilità/gratta_e_vinci/src/vendor/laravel/framework/src/Illuminate/Routing/Route.php(208): Illuminate\\Routing\\Route->runCallable()
#6 /Users/brunobryan/Desktop/Programmazione/gratta_e_vinci_contabilità/gratta_e_vinci/src/vendor/laravel/framework/src/Illuminate/Routing/Router.php(695): Illuminate\\Routing\\Route->run()
#7 /Users/brunobryan/Desktop/Programmazione/gratta_e_vinci_contabilità/gratta_e_vinci/src/vendor/laravel/framework/src/Illuminate/Pipeline/Pipeline.php(128): Illuminate\\Routing\\Router->Illuminate\\Routing\\{closure}(Object(Illuminate\\Http\\Request))
#8 /Users/brunobryan/Desktop/Programmazione/gratta_e_vinci_contabilità/gratta_e_vinci/src/vendor/laravel/framework/src/Illuminate/Routing/Middleware/SubstituteBindings.php(50): Illuminate\\Pipeline\\Pipeline->Illuminate\\Pipeline\\{closure}(Object(Illuminate\\Http\\Request))
#9 /Users/brunobryan/Desktop/Programmazione/gratta_e_vinci_contabilità/gratta_e_vinci/src/vendor/laravel/framework/src/Illuminate/Pipeline/Pipeline.php(167): Illuminate\\Routing\\Middleware\\SubstituteBindings->handle(Object(Illuminate\\Http\\Request), Object(Closure))
#10 /Users/brunobryan/Desktop/Programmazione/gratta_e_vinci_contabilità/gratta_e_vinci/src/vendor/laravel/framework/src/Illuminate/Foundation/Http/Middleware/VerifyCsrfToken.php(78): Illuminate\\Pipeline\\Pipeline->Illuminate\\Pipeline\\{closure}(Object(Illuminate\\Http\\Request))
#11 /Users/brunobryan/Desktop/Programmazione/gratta_e_vinci_contabilità/gratta_e_vinci/src/vendor/laravel/framework/src/Illuminate/Pipeline/Pipeline.php(167): Illuminate\\Foundation\\Http\\Middleware\\VerifyCsrfToken->handle(Object(Illuminate\\Http\\Request), Object(Closure))
#12 /Users/brunobryan/Desktop/Programmazione/gratta_e_vinci_contabilità/gratta_e_vinci/src/vendor/laravel/framework/src/Illuminate/View/Middleware/ShareErrorsFromSession.php(49): Illuminate\\Pipeline\\Pipeline->Illuminate\\Pipeline\\{closure}(Object(Illuminate\\Http\\Request))
#13 /Users/brunobryan/Desktop/Programmazione/gratta_e_vinci_contabilità/gratta_e_vinci/src/vendor/laravel/framework/src/Illuminate/Pipeline/Pipeline.php(167): Illuminate\\View\\Middleware\\ShareErrorsFromSession->handle(Object(Illuminate\\Http\\Request), Object(Closure))
#14 /Users/brunobryan/Desktop/Programmazione/gratta_e_vinci_contabilità/gratta_e_vinci/src/vendor/laravel/framework/src/Illuminate/Session/Middleware/StartSession.php(121): Illuminate\\Pipeline\\Pipeline->Illuminate\\Pipeline\\{closure}(Object(Illuminate\\Http\\Request))
#15 /Users/brunobryan/Desktop/Programmazione/gratta_e_vinci_contabilità/gratta_e_vinci/src/vendor/laravel/framework/src/Illuminate/Session/Middleware/StartSession.php(64): Illuminate\\Session\\Middleware\\StartSession->handleStatefulRequest(Object(Illuminate\\Http\\Request), Object(Illuminate\\Session\\Store), Object(Closure))
#16 /Users/brunobryan/Desktop/Programmazione/gratta_e_vinci_contabilità/gratta_e_vinci/src/vendor/laravel/framework/src/Illuminate/Pipeline/Pipeline.php(167): Illuminate\\Session\\Middleware\\StartSession->handle(Object(Illuminate\\Http\\Request), Object(Closure))
#17 /Users/brunobryan/Desktop/Programmazione/gratta_e_vinci_contabilità/gratta_e_vinci/src/vendor/laravel/framework/src/Illuminate/Cookie/Middleware/AddQueuedCookiesToResponse.php(37): Illuminate\\Pipeline\\Pipeline->Illuminate\\Pipeline\\{closure}(Object(Illuminate\\Http\\Request))
#18 /Users/brunobryan/Desktop/Programmazione/gratta_e_vinci_contabilità/gratta_e_vinci/src/vendor/laravel/framework/src/Illuminate/Pipeline/Pipeline.php(167): Illuminate\\Cookie\\Middleware\\AddQueuedCookiesToResponse->handle(Object(Illuminate\\Http\\Request), Object(Closure))
#19 /Users/brunobryan/Desktop/Programmazione/gratta_e_vinci_contabilità/gratta_e_vinci/src/vendor/laravel/framework/src/Illuminate/Cookie/Middleware/EncryptCookies.php(67): Illuminate\\Pipeline\\Pipeline->Illuminate\\Pipeline\\{closure}(Object(Illuminate\\Http\\Request))
#20 /Users/brunobryan/Desktop/Programmazione/gratta_e_vinci_contabilità/gratta_e_vinci/src/vendor/laravel/framework/src/Illuminate/Pipeline/Pipeline.php(167): Illuminate\\Cookie\\Middleware\\EncryptCookies->handle(Object(Illuminate\\Http\\Request), Object(Closure))
#21 /Users/brunobryan/Desktop/Programmazione/gratta_e_vinci_contabilità/gratta_e_vinci/src/vendor/laravel/framework/src/Illuminate/Pipeline/Pipeline.php(103): Illuminate\\Pipeline\\Pipeline->Illuminate\\Pipeline\\{closure}(Object(Illuminate\\Http\\Request))
#22 /Users/brunobryan/Desktop/Programmazione/gratta_e_vinci_contabilità/gratta_e_vinci/src/vendor/laravel/framework/src/Illuminate/Routing/Router.php(697): Illuminate\\Pipeline\\Pipeline->then(Object(Closure))
#23 /Users/brunobryan/Desktop/Programmazione/gratta_e_vinci_contabilità/gratta_e_vinci/src/vendor/laravel/framework/src/Illuminate/Routing/Router.php(672): Illuminate\\Routing\\Router->runRouteWithinStack(Object(Illuminate\\Routing\\Route), Object(Illuminate\\Http\\Request))
#24 /Users/brunobryan/Desktop/Programmazione/gratta_e_vinci_contabilità/gratta_e_vinci/src/vendor/laravel/framework/src/Illuminate/Routing/Router.php(636): Illuminate\\Routing\\Router->runRoute(Object(Illuminate\\Http\\Request), Object(Illuminate\\Routing\\Route))
#25 /Users/brunobryan/Desktop/Programmazione/gratta_e_vinci_contabilità/gratta_e_vinci/src/vendor/laravel/framework/src/Illuminate/Routing/Router.php(625): Illuminate\\Routing\\Router->dispatchToRoute(Object(Illuminate\\Http\\Request))
#26 /Users/brunobryan/Desktop/Programmazione/gratta_e_vinci_contabilità/gratta_e_vinci/src/vendor/laravel/framework/src/Illuminate/Foundation/Http/Kernel.php(167): Illuminate\\Routing\\Router->dispatch(Object(Illuminate\\Http\\Request))
#27 /Users/brunobryan/Desktop/Programmazione/gratta_e_vinci_contabilità/gratta_e_vinci/src/vendor/laravel/framework/src/Illuminate/Pipeline/Pipeline.php(128): Illuminate\\Foundation\\Http\\Kernel->Illuminate\\Foundation\\Http\\{closure}(Object(Illuminate\\Http\\Request))
#28 /Users/brunobryan/Desktop/Programmazione/gratta_e_vinci_contabilità/gratta_e_vinci/src/vendor/laravel/framework/src/Illuminate/Foundation/Http/Middleware/TransformsRequest.php(21): Illuminate\\Pipeline\\Pipeline->Illuminate\\Pipeline\\{closure}(Object(Illuminate\\Http\\Request))
#29 /Users/brunobryan/Desktop/Programmazione/gratta_e_vinci_contabilità/gratta_e_vinci/src/vendor/laravel/framework/src/Illuminate/Foundation/Http/Middleware/ConvertEmptyStringsToNull.php(31): Illuminate\\Foundation\\Http\\Middleware\\TransformsRequest->handle(Object(Illuminate\\Http\\Request), Object(Closure))
#30 /Users/brunobryan/Desktop/Programmazione/gratta_e_vinci_contabilità/gratta_e_vinci/src/vendor/laravel/framework/src/Illuminate/Pipeline/Pipeline.php(167): Illuminate\\Foundation\\Http\\Middleware\\ConvertEmptyStringsToNull->handle(Object(Illuminate\\Http\\Request), Object(Closure))
#31 /Users/brunobryan/Desktop/Programmazione/gratta_e_vinci_contabilità/gratta_e_vinci/src/vendor/laravel/framework/src/Illuminate/Foundation/Http/Middleware/TransformsRequest.php(21): Illuminate\\Pipeline\\Pipeline->Illuminate\\Pipeline\\{closure}(Object(Illuminate\\Http\\Request))
#32 /Users/brunobryan/Desktop/Programmazione/gratta_e_vinci_contabilità/gratta_e_vinci/src/vendor/laravel/framework/src/Illuminate/Foundation/Http/Middleware/TrimStrings.php(40): Illuminate\\Foundation\\Http\\Middleware\\TransformsRequest->handle(Object(Illuminate\\Http\\Request), Object(Closure))
#33 /Users/brunobryan/Desktop/Programmazione/gratta_e_vinci_contabilità/gratta_e_vinci/src/vendor/laravel/framework/src/Illuminate/Pipeline/Pipeline.php(167): Illuminate\\Foundation\\Http\\Middleware\\TrimStrings->handle(Object(Illuminate\\Http\\Request), Object(Closure))
#34 /Users/brunobryan/Desktop/Programmazione/gratta_e_vinci_contabilità/gratta_e_vinci/src/vendor/laravel/framework/src/Illuminate/Foundation/Http/Middleware/ValidatePostSize.php(27): Illuminate\\Pipeline\\Pipeline->Illuminate\\Pipeline\\{closure}(Object(Illuminate\\Http\\Request))
#35 /Users/brunobryan/Desktop/Programmazione/gratta_e_vinci_contabilità/gratta_e_vinci/src/vendor/laravel/framework/src/Illuminate/Pipeline/Pipeline.php(167): Illuminate\\Foundation\\Http\\Middleware\\ValidatePostSize->handle(Object(Illuminate\\Http\\Request), Object(Closure))
#36 /Users/brunobryan/Desktop/Programmazione/gratta_e_vinci_contabilità/gratta_e_vinci/src/vendor/laravel/framework/src/Illuminate/Foundation/Http/Middleware/PreventRequestsDuringMaintenance.php(86): Illuminate\\Pipeline\\Pipeline->Illuminate\\Pipeline\\{closure}(Object(Illuminate\\Http\\Request))
#37 /Users/brunobryan/Desktop/Programmazione/gratta_e_vinci_contabilità/gratta_e_vinci/src/vendor/laravel/framework/src/Illuminate/Pipeline/Pipeline.php(167): Illuminate\\Foundation\\Http\\Middleware\\PreventRequestsDuringMaintenance->handle(Object(Illuminate\\Http\\Request), Object(Closure))
#38 /Users/brunobryan/Desktop/Programmazione/gratta_e_vinci_contabilità/gratta_e_vinci/src/vendor/fruitcake/laravel-cors/src/HandleCors.php(38): Illuminate\\Pipeline\\Pipeline->Illuminate\\Pipeline\\{closure}(Object(Illuminate\\Http\\Request))
#39 /Users/brunobryan/Desktop/Programmazione/gratta_e_vinci_contabilità/gratta_e_vinci/src/vendor/laravel/framework/src/Illuminate/Pipeline/Pipeline.php(167): Fruitcake\\Cors\\HandleCors->handle(Object(Illuminate\\Http\\Request), Object(Closure))
#40 /Users/brunobryan/Desktop/Programmazione/gratta_e_vinci_contabilità/gratta_e_vinci/src/vendor/laravel/framework/src/Illuminate/Http/Middleware/TrustProxies.php(39): Illuminate\\Pipeline\\Pipeline->Illuminate\\Pipeline\\{closure}(Object(Illuminate\\Http\\Request))
#41 /Users/brunobryan/Desktop/Programmazione/gratta_e_vinci_contabilità/gratta_e_vinci/src/vendor/laravel/framework/src/Illuminate/Pipeline/Pipeline.php(167): Illuminate\\Http\\Middleware\\TrustProxies->handle(Object(Illuminate\\Http\\Request), Object(Closure))
#42 /Users/brunobryan/Desktop/Programmazione/gratta_e_vinci_contabilità/gratta_e_vinci/src/vendor/laravel/framework/src/Illuminate/Pipeline/Pipeline.php(103): Illuminate\\Pipeline\\Pipeline->Illuminate\\Pipeline\\{closure}(Object(Illuminate\\Http\\Request))
#43 /Users/brunobryan/Desktop/Programmazione/gratta_e_vinci_contabilità/gratta_e_vinci/src/vendor/laravel/framework/src/Illuminate/Foundation/Http/Kernel.php(142): Illuminate\\Pipeline\\Pipeline->then(Object(Closure))
#44 /Users/brunobryan/Desktop/Programmazione/gratta_e_vinci_contabilità/gratta_e_vinci/src/vendor/laravel/framework/src/Illuminate/Foundation/Http/Kernel.php(111): Illuminate\\Foundation\\Http\\Kernel->sendRequestThroughRouter(Object(Illuminate\\Http\\Request))
#45 /Users/brunobryan/Desktop/Programmazione/gratta_e_vinci_contabilità/gratta_e_vinci/src/public/index.php(52): Illuminate\\Foundation\\Http\\Kernel->handle(Object(Illuminate\\Http\\Request))
#46 /Users/brunobryan/Desktop/Programmazione/gratta_e_vinci_contabilità/gratta_e_vinci/src/server.php(21): require_once('/Users/brunobry...')
#47 {main}
"} 
[2023-02-21 12:59:06] local.ERROR: file_put_contents(/Users/brunobryan/Desktop/Programmazione/gratta_e_vinci_contabilità/gratta_e_vinci/storage/framework/sessions/mM87bmyFsGE8guljyBMi2GgZqQTw8sOIQkJFoNAe): Failed to open stream: No such file or directory {"exception":"[object] (ErrorException(code: 0): file_put_contents(/Users/brunobryan/Desktop/Programmazione/gratta_e_vinci_contabilità/gratta_e_vinci/storage/framework/sessions/mM87bmyFsGE8guljyBMi2GgZqQTw8sOIQkJFoNAe): Failed to open stream: No such file or directory at /Users/brunobryan/Desktop/Programmazione/gratta_e_vinci_contabilità/gratta_e_vinci/src/vendor/laravel/framework/src/Illuminate/Filesystem/Filesystem.php:187)
[stacktrace]
#0 [internal function]: Illuminate\\Foundation\\Bootstrap\\HandleExceptions->handleError(2, 'file_put_conten...', '/Users/brunobry...', 187)
#1 /Users/brunobryan/Desktop/Programmazione/gratta_e_vinci_contabilità/gratta_e_vinci/src/vendor/laravel/framework/src/Illuminate/Filesystem/Filesystem.php(187): file_put_contents('/Users/brunobry...', 'a:3:{s:6:\"_toke...', 2)
#2 /Users/brunobryan/Desktop/Programmazione/gratta_e_vinci_contabilità/gratta_e_vinci/src/vendor/laravel/framework/src/Illuminate/Session/FileSessionHandler.php(95): Illuminate\\Filesystem\\Filesystem->put('/Users/brunobry...', 'a:3:{s:6:\"_toke...', true)
#3 /Users/brunobryan/Desktop/Programmazione/gratta_e_vinci_contabilità/gratta_e_vinci/src/vendor/laravel/framework/src/Illuminate/Session/Store.php(129): Illuminate\\Session\\FileSessionHandler->write('mM87bmyFsGE8gul...', 'a:3:{s:6:\"_toke...')
#4 /Users/brunobryan/Desktop/Programmazione/gratta_e_vinci_contabilità/gratta_e_vinci/src/vendor/laravel/framework/src/Illuminate/Session/Middleware/StartSession.php(236): Illuminate\\Session\\Store->save()
#5 /Users/brunobryan/Desktop/Programmazione/gratta_e_vinci_contabilità/gratta_e_vinci/src/vendor/laravel/framework/src/Illuminate/Session/Middleware/StartSession.php(130): Illuminate\\Session\\Middleware\\StartSession->saveSession(Object(Illuminate\\Http\\Request))
#6 /Users/brunobryan/Desktop/Programmazione/gratta_e_vinci_contabilità/gratta_e_vinci/src/vendor/laravel/framework/src/Illuminate/Session/Middleware/StartSession.php(64): Illuminate\\Session\\Middleware\\StartSession->handleStatefulRequest(Object(Illuminate\\Http\\Request), Object(Illuminate\\Session\\Store), Object(Closure))
#7 /Users/brunobryan/Desktop/Programmazione/gratta_e_vinci_contabilità/gratta_e_vinci/src/vendor/laravel/framework/src/Illuminate/Pipeline/Pipeline.php(167): Illuminate\\Session\\Middleware\\StartSession->handle(Object(Illuminate\\Http\\Request), Object(Closure))
#8 /Users/brunobryan/Desktop/Programmazione/gratta_e_vinci_contabilità/gratta_e_vinci/src/vendor/laravel/framework/src/Illuminate/Cookie/Middleware/AddQueuedCookiesToResponse.php(37): Illuminate\\Pipeline\\Pipeline->Illuminate\\Pipeline\\{closure}(Object(Illuminate\\Http\\Request))
#9 /Users/brunobryan/Desktop/Programmazione/gratta_e_vinci_contabilità/gratta_e_vinci/src/vendor/laravel/framework/src/Illuminate/Pipeline/Pipeline.php(167): Illuminate\\Cookie\\Middleware\\AddQueuedCookiesToResponse->handle(Object(Illuminate\\Http\\Request), Object(Closure))
#10 /Users/brunobryan/Desktop/Programmazione/gratta_e_vinci_contabilità/gratta_e_vinci/src/vendor/laravel/framework/src/Illuminate/Cookie/Middleware/EncryptCookies.php(67): Illuminate\\Pipeline\\Pipeline->Illuminate\\Pipeline\\{closure}(Object(Illuminate\\Http\\Request))
#11 /Users/brunobryan/Desktop/Programmazione/gratta_e_vinci_contabilità/gratta_e_vinci/src/vendor/laravel/framework/src/Illuminate/Pipeline/Pipeline.php(167): Illuminate\\Cookie\\Middleware\\EncryptCookies->handle(Object(Illuminate\\Http\\Request), Object(Closure))
#12 /Users/brunobryan/Desktop/Programmazione/gratta_e_vinci_contabilità/gratta_e_vinci/src/vendor/laravel/framework/src/Illuminate/Pipeline/Pipeline.php(103): Illuminate\\Pipeline\\Pipeline->Illuminate\\Pipeline\\{closure}(Object(Illuminate\\Http\\Request))
#13 /Users/brunobryan/Desktop/Programmazione/gratta_e_vinci_contabilità/gratta_e_vinci/src/vendor/laravel/framework/src/Illuminate/Routing/Router.php(697): Illuminate\\Pipeline\\Pipeline->then(Object(Closure))
#14 /Users/brunobryan/Desktop/Programmazione/gratta_e_vinci_contabilità/gratta_e_vinci/src/vendor/laravel/framework/src/Illuminate/Routing/Router.php(672): Illuminate\\Routing\\Router->runRouteWithinStack(Object(Illuminate\\Routing\\Route), Object(Illuminate\\Http\\Request))
#15 /Users/brunobryan/Desktop/Programmazione/gratta_e_vinci_contabilità/gratta_e_vinci/src/vendor/laravel/framework/src/Illuminate/Routing/Router.php(636): Illuminate\\Routing\\Router->runRoute(Object(Illuminate\\Http\\Request), Object(Illuminate\\Routing\\Route))
#16 /Users/brunobryan/Desktop/Programmazione/gratta_e_vinci_contabilità/gratta_e_vinci/src/vendor/laravel/framework/src/Illuminate/Routing/Router.php(625): Illuminate\\Routing\\Router->dispatchToRoute(Object(Illuminate\\Http\\Request))
#17 /Users/brunobryan/Desktop/Programmazione/gratta_e_vinci_contabilità/gratta_e_vinci/src/vendor/laravel/framework/src/Illuminate/Foundation/Http/Kernel.php(167): Illuminate\\Routing\\Router->dispatch(Object(Illuminate\\Http\\Request))
#18 /Users/brunobryan/Desktop/Programmazione/gratta_e_vinci_contabilità/gratta_e_vinci/src/vendor/laravel/framework/src/Illuminate/Pipeline/Pipeline.php(128): Illuminate\\Foundation\\Http\\Kernel->Illuminate\\Foundation\\Http\\{closure}(Object(Illuminate\\Http\\Request))
#19 /Users/brunobryan/Desktop/Programmazione/gratta_e_vinci_contabilità/gratta_e_vinci/src/vendor/laravel/framework/src/Illuminate/Foundation/Http/Middleware/TransformsRequest.php(21): Illuminate\\Pipeline\\Pipeline->Illuminate\\Pipeline\\{closure}(Object(Illuminate\\Http\\Request))
#20 /Users/brunobryan/Desktop/Programmazione/gratta_e_vinci_contabilità/gratta_e_vinci/src/vendor/laravel/framework/src/Illuminate/Foundation/Http/Middleware/ConvertEmptyStringsToNull.php(31): Illuminate\\Foundation\\Http\\Middleware\\TransformsRequest->handle(Object(Illuminate\\Http\\Request), Object(Closure))
#21 /Users/brunobryan/Desktop/Programmazione/gratta_e_vinci_contabilità/gratta_e_vinci/src/vendor/laravel/framework/src/Illuminate/Pipeline/Pipeline.php(167): Illuminate\\Foundation\\Http\\Middleware\\ConvertEmptyStringsToNull->handle(Object(Illuminate\\Http\\Request), Object(Closure))
#22 /Users/brunobryan/Desktop/Programmazione/gratta_e_vinci_contabilità/gratta_e_vinci/src/vendor/laravel/framework/src/Illuminate/Foundation/Http/Middleware/TransformsRequest.php(21): Illuminate\\Pipeline\\Pipeline->Illuminate\\Pipeline\\{closure}(Object(Illuminate\\Http\\Request))
#23 /Users/brunobryan/Desktop/Programmazione/gratta_e_vinci_contabilità/gratta_e_vinci/src/vendor/laravel/framework/src/Illuminate/Foundation/Http/Middleware/TrimStrings.php(40): Illuminate\\Foundation\\Http\\Middleware\\TransformsRequest->handle(Object(Illuminate\\Http\\Request), Object(Closure))
#24 /Users/brunobryan/Desktop/Programmazione/gratta_e_vinci_contabilità/gratta_e_vinci/src/vendor/laravel/framework/src/Illuminate/Pipeline/Pipeline.php(167): Illuminate\\Foundation\\Http\\Middleware\\TrimStrings->handle(Object(Illuminate\\Http\\Request), Object(Closure))
#25 /Users/brunobryan/Desktop/Programmazione/gratta_e_vinci_contabilità/gratta_e_vinci/src/vendor/laravel/framework/src/Illuminate/Foundation/Http/Middleware/ValidatePostSize.php(27): Illuminate\\Pipeline\\Pipeline->Illuminate\\Pipeline\\{closure}(Object(Illuminate\\Http\\Request))
#26 /Users/brunobryan/Desktop/Programmazione/gratta_e_vinci_contabilità/gratta_e_vinci/src/vendor/laravel/framework/src/Illuminate/Pipeline/Pipeline.php(167): Illuminate\\Foundation\\Http\\Middleware\\ValidatePostSize->handle(Object(Illuminate\\Http\\Request), Object(Closure))
#27 /Users/brunobryan/Desktop/Programmazione/gratta_e_vinci_contabilità/gratta_e_vinci/src/vendor/laravel/framework/src/Illuminate/Foundation/Http/Middleware/PreventRequestsDuringMaintenance.php(86): Illuminate\\Pipeline\\Pipeline->Illuminate\\Pipeline\\{closure}(Object(Illuminate\\Http\\Request))
#28 /Users/brunobryan/Desktop/Programmazione/gratta_e_vinci_contabilità/gratta_e_vinci/src/vendor/laravel/framework/src/Illuminate/Pipeline/Pipeline.php(167): Illuminate\\Foundation\\Http\\Middleware\\PreventRequestsDuringMaintenance->handle(Object(Illuminate\\Http\\Request), Object(Closure))
#29 /Users/brunobryan/Desktop/Programmazione/gratta_e_vinci_contabilità/gratta_e_vinci/src/vendor/fruitcake/laravel-cors/src/HandleCors.php(38): Illuminate\\Pipeline\\Pipeline->Illuminate\\Pipeline\\{closure}(Object(Illuminate\\Http\\Request))
#30 /Users/brunobryan/Desktop/Programmazione/gratta_e_vinci_contabilità/gratta_e_vinci/src/vendor/laravel/framework/src/Illuminate/Pipeline/Pipeline.php(167): Fruitcake\\Cors\\HandleCors->handle(Object(Illuminate\\Http\\Request), Object(Closure))
#31 /Users/brunobryan/Desktop/Programmazione/gratta_e_vinci_contabilità/gratta_e_vinci/src/vendor/laravel/framework/src/Illuminate/Http/Middleware/TrustProxies.php(39): Illuminate\\Pipeline\\Pipeline->Illuminate\\Pipeline\\{closure}(Object(Illuminate\\Http\\Request))
#32 /Users/brunobryan/Desktop/Programmazione/gratta_e_vinci_contabilità/gratta_e_vinci/src/vendor/laravel/framework/src/Illuminate/Pipeline/Pipeline.php(167): Illuminate\\Http\\Middleware\\TrustProxies->handle(Object(Illuminate\\Http\\Request), Object(Closure))
#33 /Users/brunobryan/Desktop/Programmazione/gratta_e_vinci_contabilità/gratta_e_vinci/src/vendor/laravel/framework/src/Illuminate/Pipeline/Pipeline.php(103): Illuminate\\Pipeline\\Pipeline->Illuminate\\Pipeline\\{closure}(Object(Illuminate\\Http\\Request))
#34 /Users/brunobryan/Desktop/Programmazione/gratta_e_vinci_contabilità/gratta_e_vinci/src/vendor/laravel/framework/src/Illuminate/Foundation/Http/Kernel.php(142): Illuminate\\Pipeline\\Pipeline->then(Object(Closure))
#35 /Users/brunobryan/Desktop/Programmazione/gratta_e_vinci_contabilità/gratta_e_vinci/src/vendor/laravel/framework/src/Illuminate/Foundation/Http/Kernel.php(111): Illuminate\\Foundation\\Http\\Kernel->sendRequestThroughRouter(Object(Illuminate\\Http\\Request))
#36 /Users/brunobryan/Desktop/Programmazione/gratta_e_vinci_contabilità/gratta_e_vinci/src/public/index.php(52): Illuminate\\Foundation\\Http\\Kernel->handle(Object(Illuminate\\Http\\Request))
#37 /Users/brunobryan/Desktop/Programmazione/gratta_e_vinci_contabilità/gratta_e_vinci/src/server.php(21): require_once('/Users/brunobry...')
#38 {main}
"} 
